# JRE version: OpenJDK Runtime Environment (19.0.2+7) (build 19.0.2+7-44)
# Java VM: OpenJDK 64-Bit Server VM (19.0.2+7-44, mixed mode, sharing, tiered, compressed oops, compressed class ptrs, g1 gc, windows-amd64)
GC Precious Log:
 CardTable entry size: 512
 Card Set container configuration: InlinePtr #cards 5 size 8 Array Of Cards #cards 12 size 40 Howl #buckets 4 coarsen threshold 1843 Howl Bitmap #cards 512 size 80 coarsen threshold 460 Card regions per heap region 1 cards per card region 2048
 CPUs: 12 total, 12 available
 Memory: 16315M
 Large Page Support: Disabled
 NUMA Support: Disabled
 Compressed Oops: Enabled (32-bit)
 Heap Region Size: 1M
 Heap Min Capacity: 8M
 Heap Initial Capacity: 256M
 Heap Max Capacity: 2G
 Pre-touch: Disabled
 Parallel Workers: 10
 Concurrent Workers: 3
 Concurrent Refinement Workers: 10
 Periodic GC: Disabled
Heap:
 garbage-first heap   total 388096K, used 248241K [0x0000000080000000, 0x0000000100000000)
  region size 1024K, 3 young (3072K), 3 survivors (3072K)
 Metaspace       used 109709K, committed 111808K, reserved 1179648K
  class space    used 14709K, committed 15808K, reserved 1048576K
GC Heap History (20 events):
Event: 20.496 GC heap after
{Heap after GC invocations=53 (full 0):
 garbage-first heap   total 348160K, used 111331K [0x0000000080000000, 0x0000000100000000)
  region size 1024K, 2 young (2048K), 2 survivors (2048K)
 Metaspace       used 100939K, committed 102912K, reserved 1179648K
  class space    used 13566K, committed 14592K, reserved 1048576K
}
Event: 20.535 GC heap before
{Heap before GC invocations=53 (full 0):
 garbage-first heap   total 348160K, used 126691K [0x0000000080000000, 0x0000000100000000)
  region size 1024K, 17 young (17408K), 2 survivors (2048K)
 Metaspace       used 100958K, committed 102912K, reserved 1179648K
  class space    used 13566K, committed 14592K, reserved 1048576K
}
Event: 20.537 GC heap after
{Heap after GC invocations=54 (full 0):
 garbage-first heap   total 348160K, used 110982K [0x0000000080000000, 0x0000000100000000)
  region size 1024K, 2 young (2048K), 2 survivors (2048K)
 Metaspace       used 100958K, committed 102912K, reserved 1179648K
  class space    used 13566K, committed 14592K, reserved 1048576K
}
Event: 21.160 GC heap before
{Heap before GC invocations=54 (full 0):
 garbage-first heap   total 348160K, used 281990K [0x0000000080000000, 0x0000000100000000)
  region size 1024K, 169 young (173056K), 2 survivors (2048K)
 Metaspace       used 102989K, committed 104960K, reserved 1179648K
  class space    used 13864K, committed 14912K, reserved 1048576K
}
Event: 21.162 GC heap after
{Heap after GC invocations=55 (full 0):
 garbage-first heap   total 348160K, used 113176K [0x0000000080000000, 0x0000000100000000)
  region size 1024K, 4 young (4096K), 4 survivors (4096K)
 Metaspace       used 102989K, committed 104960K, reserved 1179648K
  class space    used 13864K, committed 14912K, reserved 1048576K
}
Event: 21.186 GC heap before
{Heap before GC invocations=55 (full 0):
 garbage-first heap   total 348160K, used 114200K [0x0000000080000000, 0x0000000100000000)
  region size 1024K, 6 young (6144K), 4 survivors (4096K)
 Metaspace       used 103073K, committed 105088K, reserved 1179648K
  class space    used 13870K, committed 14912K, reserved 1048576K
}
Event: 21.189 GC heap after
{Heap after GC invocations=56 (full 0):
 garbage-first heap   total 348160K, used 113251K [0x0000000080000000, 0x0000000100000000)
  region size 1024K, 4 young (4096K), 4 survivors (4096K)
 Metaspace       used 103073K, committed 105088K, reserved 1179648K
  class space    used 13870K, committed 14912K, reserved 1048576K
}
Event: 22.645 GC heap before
{Heap before GC invocations=57 (full 0):
 garbage-first heap   total 348160K, used 333411K [0x0000000080000000, 0x0000000100000000)
  region size 1024K, 178 young (182272K), 4 survivors (4096K)
 Metaspace       used 108825K, committed 110912K, reserved 1179648K
  class space    used 14616K, committed 15680K, reserved 1048576K
}
Event: 22.677 GC heap after
{Heap after GC invocations=58 (full 0):
 garbage-first heap   total 387072K, used 185783K [0x0000000080000000, 0x0000000100000000)
  region size 1024K, 23 young (23552K), 23 survivors (23552K)
 Metaspace       used 108825K, committed 110912K, reserved 1179648K
  class space    used 14616K, committed 15680K, reserved 1048576K
}
Event: 22.680 GC heap before
{Heap before GC invocations=58 (full 0):
 garbage-first heap   total 387072K, used 186807K [0x0000000080000000, 0x0000000100000000)
  region size 1024K, 24 young (24576K), 23 survivors (23552K)
 Metaspace       used 108825K, committed 110912K, reserved 1179648K
  class space    used 14616K, committed 15680K, reserved 1048576K
}
Event: 22.695 GC heap after
{Heap after GC invocations=59 (full 0):
 garbage-first heap   total 387072K, used 187647K [0x0000000080000000, 0x0000000100000000)
  region size 1024K, 2 young (2048K), 2 survivors (2048K)
 Metaspace       used 108825K, committed 110912K, reserved 1179648K
  class space    used 14616K, committed 15680K, reserved 1048576K
}
Event: 23.169 GC heap before
{Heap before GC invocations=59 (full 0):
 garbage-first heap   total 387072K, used 293119K [0x0000000080000000, 0x0000000100000000)
  region size 1024K, 106 young (108544K), 2 survivors (2048K)
 Metaspace       used 109113K, committed 111104K, reserved 1179648K
  class space    used 14649K, committed 15680K, reserved 1048576K
}
Event: 23.183 GC heap after
{Heap after GC invocations=60 (full 0):
 garbage-first heap   total 387072K, used 220544K [0x0000000080000000, 0x0000000100000000)
  region size 1024K, 14 young (14336K), 14 survivors (14336K)
 Metaspace       used 109113K, committed 111104K, reserved 1179648K
  class space    used 14649K, committed 15680K, reserved 1048576K
}
Event: 23.431 GC heap before
{Heap before GC invocations=60 (full 0):
 garbage-first heap   total 387072K, used 261504K [0x0000000080000000, 0x0000000100000000)
  region size 1024K, 51 young (52224K), 14 survivors (14336K)
 Metaspace       used 109293K, committed 111360K, reserved 1179648K
  class space    used 14672K, committed 15744K, reserved 1048576K
}
Event: 23.439 GC heap after
{Heap after GC invocations=61 (full 0):
 garbage-first heap   total 387072K, used 228375K [0x0000000080000000, 0x0000000100000000)
  region size 1024K, 3 young (3072K), 3 survivors (3072K)
 Metaspace       used 109293K, committed 111360K, reserved 1179648K
  class space    used 14672K, committed 15744K, reserved 1048576K
}
Event: 24.010 GC heap before
{Heap before GC invocations=62 (full 0):
 garbage-first heap   total 388096K, used 309271K [0x0000000080000000, 0x0000000100000000)
  region size 1024K, 78 young (79872K), 3 survivors (3072K)
 Metaspace       used 109423K, committed 111552K, reserved 1179648K
  class space    used 14681K, committed 15808K, reserved 1048576K
}
Event: 24.017 GC heap after
{Heap after GC invocations=63 (full 0):
 garbage-first heap   total 388096K, used 238285K [0x0000000080000000, 0x0000000100000000)
  region size 1024K, 9 young (9216K), 9 survivors (9216K)
 Metaspace       used 109423K, committed 111552K, reserved 1179648K
  class space    used 14681K, committed 15808K, reserved 1048576K
}
Event: 24.032 GC heap before
{Heap before GC invocations=63 (full 0):
 garbage-first heap   total 388096K, used 247501K [0x0000000080000000, 0x0000000100000000)
  region size 1024K, 18 young (18432K), 9 survivors (9216K)
 Metaspace       used 109428K, committed 111616K, reserved 1179648K
  class space    used 14681K, committed 15808K, reserved 1048576K
}
Event: 24.038 GC heap after
{Heap after GC invocations=64 (full 0):
 garbage-first heap   total 388096K, used 237682K [0x0000000080000000, 0x0000000100000000)
  region size 1024K, 3 young (3072K), 3 survivors (3072K)
 Metaspace       used 109428K, committed 111616K, reserved 1179648K
  class space    used 14681K, committed 15808K, reserved 1048576K
}
Event: 24.181 GC heap before
{Heap before GC invocations=64 (full 0):
 garbage-first heap   total 388096K, used 320626K [0x0000000080000000, 0x0000000100000000)
  region size 1024K, 75 young (76800K), 3 survivors (3072K)
 Metaspace       used 109709K, committed 111808K, reserved 1179648K
  class space    used 14709K, committed 15808K, reserved 1048576K
}

